This file contains any messages produced by compilers while
running configure, to aid debugging if configure makes a mistake.

It was created by configure, which was
generated by GNU Autoconf 2.69.  Invocation command line was

  $ ./configure 

## --------- ##
## Platform. ##
## --------- ##

hostname = heoyongjun-urias-4836280
uname -m = x86_64
uname -r = 4.9.17-c9
uname -s = Linux
uname -v = #1 SMP Thu Mar 23 01:38:54 UTC 2017

/usr/bin/uname -p = unknown
/bin/uname -X     = unknown

/bin/arch              = unknown
/usr/bin/arch -k       = unknown
/usr/convex/getsysinfo = unknown
/usr/bin/hostinfo      = unknown
/bin/machine           = unknown
/usr/bin/oslevel       = unknown
/bin/universe          = unknown

PATH: /home/ubuntu/.nvm/versions/node/v4.7.3/bin
PATH: /usr/local/rvm/gems/ruby-2.3.0/bin
PATH: /usr/local/rvm/gems/ruby-2.3.0@global/bin
PATH: /usr/local/rvm/rubies/ruby-2.3.0/bin
PATH: /mnt/shared/bin
PATH: /home/ubuntu/workspace/node_modules/.bin
PATH: /home/ubuntu/bin
PATH: /usr/local/sbin
PATH: /usr/local/bin
PATH: /usr/sbin
PATH: /usr/bin
PATH: /sbin
PATH: /bin
PATH: /mnt/shared/sbin
PATH: /opt/gitl
PATH: /opt/go/bin
PATH: /mnt/shared/c9/app.nw/bin
PATH: /usr/local/rvm/bin


## ----------- ##
## Core tests. ##
## ----------- ##

configure:2254: checking for a BSD-compatible install
configure:2322: result: /usr/bin/install -c
configure:2333: checking whether build environment is sane
configure:2383: result: yes
configure:2524: checking for a thread-safe mkdir -p
configure:2563: result: /bin/mkdir -p
configure:2576: checking for gawk
configure:2592: found /usr/bin/gawk
configure:2603: result: gawk
configure:2614: checking whether make sets $(MAKE)
configure:2636: result: yes
configure:2718: checking whether to enable maintainer-specific portions of Makefiles
configure:2727: result: no
configure:2789: checking for gcc
configure:2805: found /usr/bin/gcc
configure:2816: result: gcc
configure:3045: checking for C compiler version
configure:3054: gcc --version >&5
gcc (Ubuntu 4.8.4-2ubuntu1~14.04.3) 4.8.4
Copyright (C) 2013 Free Software Foundation, Inc.
This is free software; see the source for copying conditions.  There is NO
warranty; not even for MERCHANTABILITY or FITNESS FOR A PARTICULAR PURPOSE.

configure:3065: $? = 0
configure:3054: gcc -v >&5
Using built-in specs.
COLLECT_GCC=gcc
COLLECT_LTO_WRAPPER=/usr/lib/gcc/x86_64-linux-gnu/4.8/lto-wrapper
Target: x86_64-linux-gnu
Configured with: ../src/configure -v --with-pkgversion='Ubuntu 4.8.4-2ubuntu1~14.04.3' --with-bugurl=file:///usr/share/doc/gcc-4.8/README.Bugs --enable-languages=c,c++,java,go,d,fortran,objc,obj-c++ --prefix=/usr --program-suffix=-4.8 --enable-shared --enable-linker-build-id --libexecdir=/usr/lib --without-included-gettext --enable-threads=posix --with-gxx-include-dir=/usr/include/c++/4.8 --libdir=/usr/lib --enable-nls --with-sysroot=/ --enable-clocale=gnu --enable-libstdcxx-debug --enable-libstdcxx-time=yes --enable-gnu-unique-object --disable-libmudflap --enable-plugin --with-system-zlib --disable-browser-plugin --enable-java-awt=gtk --enable-gtk-cairo --with-java-home=/usr/lib/jvm/java-1.5.0-gcj-4.8-amd64/jre --enable-java-home --with-jvm-root-dir=/usr/lib/jvm/java-1.5.0-gcj-4.8-amd64 --with-jvm-jar-dir=/usr/lib/jvm-exports/java-1.5.0-gcj-4.8-amd64 --with-arch-directory=amd64 --with-ecj-jar=/usr/share/java/eclipse-ecj.jar --enable-objc-gc --enable-multiarch --disable-werror --with-arch-32=i686 --with-abi=m64 --with-multilib-list=m32,m64,mx32 --with-tune=generic --enable-checking=release --build=x86_64-linux-gnu --host=x86_64-linux-gnu --target=x86_64-linux-gnu
Thread model: posix
gcc version 4.8.4 (Ubuntu 4.8.4-2ubuntu1~14.04.3) 
configure:3065: $? = 0
configure:3054: gcc -V >&5
gcc: error: unrecognized command line option '-V'
gcc: fatal error: no input files
compilation terminated.
configure:3065: $? = 4
configure:3054: gcc -qversion >&5
gcc: error: unrecognized command line option '-qversion'
gcc: fatal error: no input files
compilation terminated.
configure:3065: $? = 4
configure:3085: checking whether the C compiler works
configure:3107: gcc    conftest.c  >&5
configure:3111: $? = 0
configure:3159: result: yes
configure:3162: checking for C compiler default output file name
configure:3164: result: a.out
configure:3170: checking for suffix of executables
configure:3177: gcc -o conftest    conftest.c  >&5
configure:3181: $? = 0
configure:3203: result: 
configure:3225: checking whether we are cross compiling
configure:3233: gcc -o conftest    conftest.c  >&5
configure:3237: $? = 0
configure:3244: ./conftest
configure:3248: $? = 0
configure:3263: result: no
configure:3268: checking for suffix of object files
configure:3290: gcc -c   conftest.c >&5
configure:3294: $? = 0
configure:3315: result: o
configure:3319: checking whether we are using the GNU C compiler
configure:3338: gcc -c   conftest.c >&5
configure:3338: $? = 0
configure:3347: result: yes
configure:3356: checking whether gcc accepts -g
configure:3376: gcc -c -g  conftest.c >&5
configure:3376: $? = 0
configure:3417: result: yes
configure:3434: checking for gcc option to accept ISO C89
configure:3497: gcc  -c -g -O2  conftest.c >&5
configure:3497: $? = 0
configure:3510: result: none needed
configure:3541: checking for style of include used by make
configure:3569: result: GNU
configure:3595: checking dependency style of gcc
configure:3706: result: none
configure:3726: checking how to run the C preprocessor
configure:3757: gcc -E  conftest.c
configure:3757: $? = 0
configure:3771: gcc -E  conftest.c
conftest.c:11:28: fatal error: ac_nonexistent.h: No such file or directory
 #include <ac_nonexistent.h>
                            ^
compilation terminated.
configure:3771: $? = 1
configure: failed program was:
| /* confdefs.h */
| #define PACKAGE_NAME ""
| #define PACKAGE_TARNAME ""
| #define PACKAGE_VERSION ""
| #define PACKAGE_STRING ""
| #define PACKAGE_BUGREPORT ""
| #define PACKAGE_URL ""
| #define PACKAGE "kakasi"
| #define VERSION "2.3.6"
| /* end confdefs.h.  */
| #include <ac_nonexistent.h>
configure:3796: result: gcc -E
configure:3816: gcc -E  conftest.c
configure:3816: $? = 0
configure:3830: gcc -E  conftest.c
conftest.c:11:28: fatal error: ac_nonexistent.h: No such file or directory
 #include <ac_nonexistent.h>
                            ^
compilation terminated.
configure:3830: $? = 1
configure: failed program was:
| /* confdefs.h */
| #define PACKAGE_NAME ""
| #define PACKAGE_TARNAME ""
| #define PACKAGE_VERSION ""
| #define PACKAGE_STRING ""
| #define PACKAGE_BUGREPORT ""
| #define PACKAGE_URL ""
| #define PACKAGE "kakasi"
| #define VERSION "2.3.6"
| /* end confdefs.h.  */
| #include <ac_nonexistent.h>
configure:3859: checking whether make sets $(MAKE)
configure:3881: result: yes
configure:3925: checking build system type
configure:3939: result: x86_64-unknown-linux-gnu
configure:3959: checking host system type
configure:3972: result: x86_64-unknown-linux-gnu
configure:4013: checking how to print strings
configure:4040: result: printf
configure:4061: checking for a sed that does not truncate output
configure:4125: result: /bin/sed
configure:4143: checking for grep that handles long lines and -e
configure:4201: result: /bin/grep
configure:4206: checking for egrep
configure:4268: result: /bin/grep -E
configure:4273: checking for fgrep
configure:4335: result: /bin/grep -F
configure:4370: checking for ld used by gcc
configure:4437: result: /usr/bin/ld
configure:4444: checking if the linker (/usr/bin/ld) is GNU ld
configure:4459: result: yes
configure:4471: checking for BSD- or MS-compatible name lister (nm)
configure:4520: result: /usr/bin/nm -B
configure:4650: checking the name lister (/usr/bin/nm -B) interface
configure:4657: gcc -c -g -O2  conftest.c >&5
configure:4660: /usr/bin/nm -B "conftest.o"
configure:4663: output
0000000000000000 B some_variable
configure:4670: result: BSD nm
configure:4673: checking whether ln -s works
configure:4677: result: yes
configure:4685: checking the maximum length of command line arguments
configure:4815: result: 1572864
configure:4832: checking whether the shell understands some XSI constructs
configure:4842: result: yes
configure:4846: checking whether the shell understands "+="
configure:4852: result: yes
configure:4887: checking how to convert x86_64-unknown-linux-gnu file names to x86_64-unknown-linux-gnu format
configure:4927: result: func_convert_file_noop
configure:4934: checking how to convert x86_64-unknown-linux-gnu file names to toolchain format
configure:4954: result: func_convert_file_noop
configure:4961: checking for /usr/bin/ld option to reload object files
configure:4968: result: -r
configure:5042: checking for objdump
configure:5058: found /usr/bin/objdump
configure:5069: result: objdump
configure:5101: checking how to recognize dependent libraries
configure:5299: result: pass_all
configure:5384: checking for dlltool
configure:5414: result: no
configure:5444: checking how to associate runtime and link libraries
configure:5471: result: printf %s\n
configure:5532: checking for ar
configure:5548: found /usr/bin/ar
configure:5559: result: ar
configure:5596: checking for archiver @FILE support
configure:5613: gcc -c -g -O2  conftest.c >&5
configure:5613: $? = 0
configure:5616: ar cru libconftest.a @conftest.lst >&5
configure:5619: $? = 0
configure:5624: ar cru libconftest.a @conftest.lst >&5
ar: conftest.o: No such file or directory
configure:5627: $? = 1
configure:5639: result: @
configure:5697: checking for strip
configure:5713: found /usr/bin/strip
configure:5724: result: strip
configure:5796: checking for ranlib
configure:5812: found /usr/bin/ranlib
configure:5823: result: ranlib
configure:5925: checking command to parse /usr/bin/nm -B output from gcc object
configure:6045: gcc -c -g -O2  conftest.c >&5
configure:6048: $? = 0
configure:6052: /usr/bin/nm -B conftest.o \| sed -n -e 's/^.*[ ]\([ABCDGIRSTW][ABCDGIRSTW]*\)[ ][ ]*\([_A-Za-z][_A-Za-z0-9]*\)$/\1 \2 \2/p' | sed '/ __gnu_lto/d' \> conftest.nm
configure:6055: $? = 0
configure:6121: gcc -o conftest -g -O2   conftest.c conftstm.o >&5
configure:6124: $? = 0
configure:6162: result: ok
configure:6199: checking for sysroot
configure:6229: result: no
configure:6306: gcc -c -g -O2  conftest.c >&5
configure:6309: $? = 0
configure:6485: checking for mt
configure:6501: found /bin/mt
configure:6512: result: mt
configure:6535: checking if mt is a manifest tool
configure:6541: mt '-?'
configure:6549: result: no
configure:7187: checking for ANSI C header files
configure:7207: gcc -c -g -O2  conftest.c >&5
configure:7207: $? = 0
configure:7280: gcc -o conftest -g -O2   conftest.c  >&5
configure:7280: $? = 0
configure:7280: ./conftest
configure:7280: $? = 0
configure:7291: result: yes
configure:7304: checking for sys/types.h
configure:7304: gcc -c -g -O2  conftest.c >&5
configure:7304: $? = 0
configure:7304: result: yes
configure:7304: checking for sys/stat.h
configure:7304: gcc -c -g -O2  conftest.c >&5
configure:7304: $? = 0
configure:7304: result: yes
configure:7304: checking for stdlib.h
configure:7304: gcc -c -g -O2  conftest.c >&5
configure:7304: $? = 0
configure:7304: result: yes
configure:7304: checking for string.h
configure:7304: gcc -c -g -O2  conftest.c >&5
configure:7304: $? = 0
configure:7304: result: yes
configure:7304: checking for memory.h
configure:7304: gcc -c -g -O2  conftest.c >&5
configure:7304: $? = 0
configure:7304: result: yes
configure:7304: checking for strings.h
configure:7304: gcc -c -g -O2  conftest.c >&5
configure:7304: $? = 0
configure:7304: result: yes
configure:7304: checking for inttypes.h
configure:7304: gcc -c -g -O2  conftest.c >&5
configure:7304: $? = 0
configure:7304: result: yes
configure:7304: checking for stdint.h
configure:7304: gcc -c -g -O2  conftest.c >&5
configure:7304: $? = 0
configure:7304: result: yes
configure:7304: checking for unistd.h
configure:7304: gcc -c -g -O2  conftest.c >&5
configure:7304: $? = 0
configure:7304: result: yes
configure:7318: checking for dlfcn.h
configure:7318: gcc -c -g -O2  conftest.c >&5
configure:7318: $? = 0
configure:7318: result: yes
configure:7524: checking for objdir
configure:7539: result: .libs
configure:7806: checking if gcc supports -fno-rtti -fno-exceptions
configure:7824: gcc -c -g -O2  -fno-rtti -fno-exceptions conftest.c >&5
cc1: warning: command line option '-fno-rtti' is valid for C++/ObjC++ but not for C [enabled by default]
configure:7828: $? = 0
configure:7841: result: no
configure:8168: checking for gcc option to produce PIC
configure:8175: result: -fPIC -DPIC
configure:8183: checking if gcc PIC flag -fPIC -DPIC works
configure:8201: gcc -c -g -O2  -fPIC -DPIC -DPIC conftest.c >&5
configure:8205: $? = 0
configure:8218: result: yes
configure:8247: checking if gcc static flag -static works
configure:8275: result: yes
configure:8290: checking if gcc supports -c -o file.o
configure:8311: gcc -c -g -O2  -o out/conftest2.o conftest.c >&5
configure:8315: $? = 0
configure:8337: result: yes
configure:8345: checking if gcc supports -c -o file.o
configure:8392: result: yes
configure:8425: checking whether the gcc linker (/usr/bin/ld -m elf_x86_64) supports shared libraries
configure:9582: result: yes
configure:9619: checking whether -lc should be explicitly linked in
configure:9627: gcc -c -g -O2  conftest.c >&5
configure:9630: $? = 0
configure:9645: gcc -shared  -fPIC -DPIC conftest.o  -v -Wl,-soname -Wl,conftest -o conftest 2\>\&1 \| /bin/grep  -lc  \>/dev/null 2\>\&1
configure:9648: $? = 0
configure:9662: result: no
configure:9822: checking dynamic linker characteristics
configure:10322: gcc -o conftest -g -O2   -Wl,-rpath -Wl,/foo conftest.c  >&5
configure:10322: $? = 0
configure:10556: result: GNU/Linux ld.so
configure:10663: checking how to hardcode library paths into programs
configure:10688: result: immediate
configure:11228: checking whether stripping libraries is possible
configure:11233: result: yes
configure:11268: checking if libtool supports shared libraries
configure:11270: result: yes
configure:11273: checking whether to build shared libraries
configure:11294: result: yes
configure:11297: checking whether to build static libraries
configure:11301: result: yes
configure:11339: checking for main in -le
configure:11358: gcc -o conftest -g -O2   conftest.c -le   >&5
/usr/bin/ld: cannot find -le
collect2: error: ld returned 1 exit status
configure:11358: $? = 1
configure: failed program was:
| /* confdefs.h */
| #define PACKAGE_NAME ""
| #define PACKAGE_TARNAME ""
| #define PACKAGE_VERSION ""
| #define PACKAGE_STRING ""
| #define PACKAGE_BUGREPORT ""
| #define PACKAGE_URL ""
| #define PACKAGE "kakasi"
| #define VERSION "2.3.6"
| #define STDC_HEADERS 1
| #define HAVE_SYS_TYPES_H 1
| #define HAVE_SYS_STAT_H 1
| #define HAVE_STDLIB_H 1
| #define HAVE_STRING_H 1
| #define HAVE_MEMORY_H 1
| #define HAVE_STRINGS_H 1
| #define HAVE_INTTYPES_H 1
| #define HAVE_STDINT_H 1
| #define HAVE_UNISTD_H 1
| #define HAVE_DLFCN_H 1
| #define LT_OBJDIR ".libs/"
| /* end confdefs.h.  */
| 
| 
| int
| main ()
| {
| return main ();
|   ;
|   return 0;
| }
configure:11367: result: no
configure:11379: checking for ANSI C header files
configure:11483: result: yes
configure:11494: checking malloc.h usability
configure:11494: gcc -c -g -O2  conftest.c >&5
configure:11494: $? = 0
configure:11494: result: yes
configure:11494: checking malloc.h presence
configure:11494: gcc -E  conftest.c
configure:11494: $? = 0
configure:11494: result: yes
configure:11494: checking for malloc.h
configure:11494: result: yes
configure:11494: checking for string.h
configure:11494: result: yes
configure:11494: checking for strings.h
configure:11494: result: yes
configure:11508: checking for memmove
configure:11508: gcc -o conftest -g -O2   conftest.c  >&5
conftest.c:50:6: warning: conflicting types for built-in function 'memmove' [enabled by default]
 char memmove ();
      ^
configure:11508: $? = 0
configure:11508: result: yes
configure:11518: checking for wakatigaki
configure:11533: result: yes
configure:11539: checking for eachyomi
configure:11554: result: yes
configure:11560: checking for utf8 conversion
configure:11575: result: yes
configure:11617: checking for ld used by GCC
configure:11681: result: /usr/bin/ld -m elf_x86_64
configure:11688: checking if the linker (/usr/bin/ld -m elf_x86_64) is GNU ld
configure:11701: result: yes
configure:11708: checking for shared library run path origin
configure:11721: result: done
configure:12299: checking for iconv
configure:12321: gcc -o conftest -g -O2   conftest.c  >&5
configure:12321: $? = 0
configure:12353: result: yes
configure:12356: checking for working iconv
configure:12451: gcc -o conftest -g -O2   conftest.c  >&5
configure:12451: $? = 0
configure:12451: ./conftest
configure:12451: $? = 0
configure:12463: result: yes
configure:12491: checking for iconv declaration
configure:12520: gcc -c -g -O2  conftest.c >&5
configure:12520: $? = 0
configure:12531: result:
         extern size_t iconv (iconv_t cd, char * *inbuf, size_t *inbytesleft, char * *outbuf, size_t *outbytesleft);
configure:12565: gcc -o conftest -g -O2   conftest.c   >&5
conftest.c: In function 'main':
conftest.c:37:35: warning: comparison between pointer and integer [enabled by default]
 if (iconv_open("EUC-JP", "UTF-8") == -1) exit(1);
                                   ^
conftest.c:37:42: warning: incompatible implicit declaration of built-in function 'exit' [enabled by default]
 if (iconv_open("EUC-JP", "UTF-8") == -1) exit(1);
                                          ^
configure:12565: $? = 0
configure:12565: ./conftest
configure:12565: $? = 0
configure:12578: gcc -Wall  -xc /dev/null -S -o /dev/null
configure:12581: $? = 0
configure:12586: gcc -Wunused  -xc /dev/null -S -o /dev/null
configure:12589: $? = 0
configure:12594: gcc -Wuninitialized  -xc /dev/null -S -o /dev/null
configure:12597: $? = 0
configure:12602: gcc -Wmissing-declarations  -xc /dev/null -S -o /dev/null
configure:12605: $? = 0
configure:12610: gcc -Wmissing-prototypes  -xc /dev/null -S -o /dev/null
configure:12613: $? = 0
configure:12618: gcc -pedantic  -xc /dev/null -S -o /dev/null
/dev/null:1:0: warning: ISO C forbids an empty translation unit [-Wpedantic]
configure:12621: $? = 0
configure:12626: gcc -Wno-unused-result  -xc /dev/null -S -o /dev/null
configure:12629: $? = 0
configure:12774: creating ./config.status

## ---------------------- ##
## Running config.status. ##
## ---------------------- ##

This file was extended by config.status, which was
generated by GNU Autoconf 2.69.  Invocation command line was

  CONFIG_FILES    = 
  CONFIG_HEADERS  = 
  CONFIG_LINKS    = 
  CONFIG_COMMANDS = 
  $ ./config.status 

on heoyongjun-urias-4836280

config.status:1100: creating src/Makefile
config.status:1100: creating lib/Makefile
config.status:1100: creating lib/makefile.msc
config.status:1100: creating man/Makefile
config.status:1100: creating tests/Makefile
config.status:1100: creating tests/data/Makefile
config.status:1100: creating Makefile
config.status:1100: creating kakasi-config
config.status:1100: creating kakasi.spec
config.status:1100: creating config.h
config.status:1329: executing depfiles commands
config.status:1329: executing libtool commands
config.status:1329: executing default commands

## ---------------- ##
## Cache variables. ##
## ---------------- ##

ac_cv_build=x86_64-unknown-linux-gnu
ac_cv_c_compiler_gnu=yes
ac_cv_env_CC_set=
ac_cv_env_CC_value=
ac_cv_env_CFLAGS_set=
ac_cv_env_CFLAGS_value=
ac_cv_env_CPPFLAGS_set=
ac_cv_env_CPPFLAGS_value=
ac_cv_env_CPP_set=
ac_cv_env_CPP_value=
ac_cv_env_LDFLAGS_set=
ac_cv_env_LDFLAGS_value=
ac_cv_env_LIBS_set=
ac_cv_env_LIBS_value=
ac_cv_env_build_alias_set=
ac_cv_env_build_alias_value=
ac_cv_env_host_alias_set=
ac_cv_env_host_alias_value=
ac_cv_env_target_alias_set=
ac_cv_env_target_alias_value=
ac_cv_func_memmove=yes
ac_cv_header_dlfcn_h=yes
ac_cv_header_inttypes_h=yes
ac_cv_header_malloc_h=yes
ac_cv_header_memory_h=yes
ac_cv_header_stdc=yes
ac_cv_header_stdint_h=yes
ac_cv_header_stdlib_h=yes
ac_cv_header_string_h=yes
ac_cv_header_strings_h=yes
ac_cv_header_sys_stat_h=yes
ac_cv_header_sys_types_h=yes
ac_cv_header_unistd_h=yes
ac_cv_host=x86_64-unknown-linux-gnu
ac_cv_lib_e_main=no
ac_cv_objext=o
ac_cv_path_EGREP='/bin/grep -E'
ac_cv_path_FGREP='/bin/grep -F'
ac_cv_path_GREP=/bin/grep
ac_cv_path_SED=/bin/sed
ac_cv_path_install='/usr/bin/install -c'
ac_cv_path_mkdir=/bin/mkdir
ac_cv_prog_AWK=gawk
ac_cv_prog_CPP='gcc -E'
ac_cv_prog_ac_ct_AR=ar
ac_cv_prog_ac_ct_CC=gcc
ac_cv_prog_ac_ct_MANIFEST_TOOL=mt
ac_cv_prog_ac_ct_OBJDUMP=objdump
ac_cv_prog_ac_ct_RANLIB=ranlib
ac_cv_prog_ac_ct_STRIP=strip
ac_cv_prog_cc_c89=
ac_cv_prog_cc_g=yes
ac_cv_prog_make_make_set=yes
acl_cv_hardcode_direct=no
acl_cv_hardcode_libdir_flag_spec='${wl}-rpath ${wl}$libdir'
acl_cv_hardcode_libdir_separator=
acl_cv_hardcode_minus_L=no
acl_cv_libext=a
acl_cv_path_LD='/usr/bin/ld -m elf_x86_64'
acl_cv_prog_gnu_ld=yes
acl_cv_rpath=done
acl_cv_shlibext=so
acl_cv_wl=-Wl,
am_cv_CC_dependencies_compiler_type=none
am_cv_func_iconv=yes
am_cv_func_iconv_works=yes
am_cv_lib_iconv=no
am_cv_proto_iconv='extern size_t iconv (iconv_t cd, char * *inbuf, size_t *inbytesleft, char * *outbuf, size_t *outbytesleft);'
am_cv_proto_iconv_arg1=
lt_cv_ar_at_file=@
lt_cv_archive_cmds_need_lc=no
lt_cv_deplibs_check_method=pass_all
lt_cv_file_magic_cmd='$MAGIC_CMD'
lt_cv_file_magic_test_file=
lt_cv_ld_reload_flag=-r
lt_cv_nm_interface='BSD nm'
lt_cv_objdir=.libs
lt_cv_path_LD=/usr/bin/ld
lt_cv_path_NM='/usr/bin/nm -B'
lt_cv_path_mainfest_tool=no
lt_cv_prog_compiler_c_o=yes
lt_cv_prog_compiler_pic='-fPIC -DPIC'
lt_cv_prog_compiler_pic_works=yes
lt_cv_prog_compiler_rtti_exceptions=no
lt_cv_prog_compiler_static_works=yes
lt_cv_prog_gnu_ld=yes
lt_cv_sharedlib_from_linklib_cmd='printf %s\n'
lt_cv_shlibpath_overrides_runpath=no
lt_cv_sys_global_symbol_pipe='sed -n -e '\''s/^.*[	 ]\([ABCDGIRSTW][ABCDGIRSTW]*\)[	 ][	 ]*\([_A-Za-z][_A-Za-z0-9]*\)$/\1 \2 \2/p'\'' | sed '\''/ __gnu_lto/d'\'''
lt_cv_sys_global_symbol_to_c_name_address='sed -n -e '\''s/^: \([^ ]*\)[ ]*$/  {\"\1\", (void *) 0},/p'\'' -e '\''s/^[ABCDGIRSTW]* \([^ ]*\) \([^ ]*\)$/  {"\2", (void *) \&\2},/p'\'''
lt_cv_sys_global_symbol_to_c_name_address_lib_prefix='sed -n -e '\''s/^: \([^ ]*\)[ ]*$/  {\"\1\", (void *) 0},/p'\'' -e '\''s/^[ABCDGIRSTW]* \([^ ]*\) \(lib[^ ]*\)$/  {"\2", (void *) \&\2},/p'\'' -e '\''s/^[ABCDGIRSTW]* \([^ ]*\) \([^ ]*\)$/  {"lib\2", (void *) \&\2},/p'\'''
lt_cv_sys_global_symbol_to_cdecl='sed -n -e '\''s/^T .* \(.*\)$/extern int \1();/p'\'' -e '\''s/^[ABCDGIRSTW]* .* \(.*\)$/extern char \1;/p'\'''
lt_cv_sys_max_cmd_len=1572864
lt_cv_to_host_file_cmd=func_convert_file_noop
lt_cv_to_tool_file_cmd=func_convert_file_noop

## ----------------- ##
## Output variables. ##
## ----------------- ##

ACLOCAL='${SHELL} /home/ubuntu/workspace/kakasi-2.3.6/missing --run aclocal-1.11'
AMDEPBACKSLASH='\'
AMDEP_FALSE='#'
AMDEP_TRUE=''
AMTAR='$${TAR-tar}'
AR='ar'
AUTOCONF='${SHELL} /home/ubuntu/workspace/kakasi-2.3.6/missing --run autoconf'
AUTOHEADER='${SHELL} /home/ubuntu/workspace/kakasi-2.3.6/missing --run autoheader'
AUTOMAKE='${SHELL} /home/ubuntu/workspace/kakasi-2.3.6/missing --run automake-1.11'
AWK='gawk'
CC='gcc'
CCDEPMODE='depmode=none'
CFLAGS='-g -O2 -Wall -Wunused -Wuninitialized -Wmissing-declarations -Wmissing-prototypes -pedantic -Wno-unused-result'
CPP='gcc -E'
CPPFLAGS=''
CYGPATH_W='echo'
DEFS='-DHAVE_CONFIG_H'
DEPDIR='.deps'
DLLTOOL='false'
DSYMUTIL=''
DUMPBIN=''
ECHO_C=''
ECHO_N='-n'
ECHO_T=''
EGREP='/bin/grep -E'
EXEEXT=''
FGREP='/bin/grep -F'
GREP='/bin/grep'
INSTALL_DATA='${INSTALL} -m 644'
INSTALL_PROGRAM='${INSTALL}'
INSTALL_SCRIPT='${INSTALL}'
INSTALL_STRIP_PROGRAM='$(install_sh) -c -s'
LD='/usr/bin/ld -m elf_x86_64'
LDFLAGS=''
LIBICONV=''
LIBOBJS=''
LIBS=' '
LIBTOOL='$(SHELL) $(top_builddir)/libtool'
LIPO=''
LN_S='ln -s'
LTLIBICONV=''
LTLIBOBJS=''
MAINT='#'
MAINTAINER_MODE_FALSE=''
MAINTAINER_MODE_TRUE='#'
MAKEINFO='${SHELL} /home/ubuntu/workspace/kakasi-2.3.6/missing --run makeinfo'
MANIFEST_TOOL=':'
MKDIR_P='/bin/mkdir -p'
NM='/usr/bin/nm -B'
NMEDIT=''
OBJDUMP='objdump'
OBJEXT='o'
OTOOL64=''
OTOOL=''
PACKAGE='kakasi'
PACKAGE_BUGREPORT=''
PACKAGE_NAME=''
PACKAGE_STRING=''
PACKAGE_TARNAME=''
PACKAGE_URL=''
PACKAGE_VERSION=''
PATH_SEPARATOR=':'
RANLIB='ranlib'
SED='/bin/sed'
SET_MAKE=''
SHELL='/bin/bash'
STRIP='strip'
VERSION='2.3.6'
ac_ct_AR='ar'
ac_ct_CC='gcc'
ac_ct_DUMPBIN=''
am__EXEEXT_FALSE=''
am__EXEEXT_TRUE='#'
am__fastdepCC_FALSE=''
am__fastdepCC_TRUE='#'
am__include='include'
am__isrc=''
am__leading_dot='.'
am__nodep='_no'
am__quote=''
am__tar='$${TAR-tar} chof - "$$tardir"'
am__untar='$${TAR-tar} xf -'
bindir='${exec_prefix}/bin'
build='x86_64-unknown-linux-gnu'
build_alias=''
build_cpu='x86_64'
build_os='linux-gnu'
build_vendor='unknown'
datadir='${datarootdir}'
datarootdir='${prefix}/share'
docdir='${datarootdir}/doc/${PACKAGE}'
dvidir='${docdir}'
exec_prefix='${prefix}'
host='x86_64-unknown-linux-gnu'
host_alias=''
host_cpu='x86_64'
host_os='linux-gnu'
host_vendor='unknown'
htmldir='${docdir}'
includedir='${prefix}/include'
infodir='${datarootdir}/info'
install_sh='${SHELL} /home/ubuntu/workspace/kakasi-2.3.6/install-sh'
libdir='${exec_prefix}/lib'
libexecdir='${exec_prefix}/libexec'
localedir='${datarootdir}/locale'
localstatedir='${prefix}/var'
mandir='${datarootdir}/man'
mkdir_p='/bin/mkdir -p'
oldincludedir='/usr/include'
pdfdir='${docdir}'
prefix='/usr/local'
program_transform_name='s,x,x,'
psdir='${docdir}'
sbindir='${exec_prefix}/sbin'
sharedstatedir='${prefix}/com'
sysconfdir='${prefix}/etc'
target_alias=''

## ----------- ##
## confdefs.h. ##
## ----------- ##

/* confdefs.h */
#define PACKAGE_NAME ""
#define PACKAGE_TARNAME ""
#define PACKAGE_VERSION ""
#define PACKAGE_STRING ""
#define PACKAGE_BUGREPORT ""
#define PACKAGE_URL ""
#define PACKAGE "kakasi"
#define VERSION "2.3.6"
#define STDC_HEADERS 1
#define HAVE_SYS_TYPES_H 1
#define HAVE_SYS_STAT_H 1
#define HAVE_STDLIB_H 1
#define HAVE_STRING_H 1
#define HAVE_MEMORY_H 1
#define HAVE_STRINGS_H 1
#define HAVE_INTTYPES_H 1
#define HAVE_STDINT_H 1
#define HAVE_UNISTD_H 1
#define HAVE_DLFCN_H 1
#define LT_OBJDIR ".libs/"
#define STDC_HEADERS 1
#define HAVE_MALLOC_H 1
#define HAVE_STRING_H 1
#define HAVE_STRINGS_H 1
#define HAVE_MEMMOVE 1
#define WAKATIGAKI 1
#define EACH_YOMI 1
#define HAVE_ICONV 1
#define ICONV_CONST 
#define KAKASI_SUPPORT_UTF8 1

configure: exit 0
